<?xml version="1.0" encoding="UTF-8"?>
<!-- Generated by org.testng.reporters.JUnitReportReporter -->
<testsuite skipped="0" hostname="ANDY" name="Test_Scripts.Test3_Finances_Credit" tests="2" failures="0" timestamp="05 Aug 2018 15:23:58 GMT" time="36.782" errors="0">
  <testcase name="Verify_LoansPage_Navigation" time="2.418" classname="Test_Scripts.Test3_Finances_Credit"/>
  <testcase name="Verify_Cardselection_andresult" time="34.364" classname="Test_Scripts.Test3_Finances_Credit"/>
</testsuite> <!-- Test_Scripts.Test3_Finances_Credit -->
