<?xml version="1.0" encoding="UTF-8"?>
<!-- Generated by org.testng.reporters.JUnitReportReporter -->
<testsuite skipped="0" hostname="ANDY" name="Test_Scripts.Test_LoginPage_Bonify" tests="4" failures="0" timestamp="04 Aug 2018 10:32:41 GMT" time="13.377" errors="0">
  <testcase name="VerifyHeader_F_pwdpage" time="0.823" classname="Test_Scripts.Test_LoginPage_Bonify"/>
  <testcase name="VerifyvalidationTexts_F_pwdpage" time="0.216" classname="Test_Scripts.Test_LoginPage_Bonify"/>
  <testcase name="Verify_AGB_LinkandTitle" time="9.836" classname="Test_Scripts.Test_LoginPage_Bonify"/>
  <testcase name="Verify_Login" time="2.502" classname="Test_Scripts.Test_LoginPage_Bonify"/>
</testsuite> <!-- Test_Scripts.Test_LoginPage_Bonify -->
