<?xml version="1.0" encoding="UTF-8"?>
<!-- Generated by org.testng.reporters.JUnitReportReporter -->
<testsuite skipped="0" hostname="ANDY" name="Test_Scripts.Test3_Finances_Credit" tests="2" failures="0" timestamp="19 Nov 2018 18:58:47 GMT" time="39.116" errors="0">
  <testcase name="Verify_LoansPage_Navigation" time="5.106" classname="Test_Scripts.Test3_Finances_Credit"/>
  <testcase name="Verify_Cardselection_andresult" time="34.010" classname="Test_Scripts.Test3_Finances_Credit"/>
</testsuite> <!-- Test_Scripts.Test3_Finances_Credit -->
