<?xml version="1.0" encoding="UTF-8"?>
<!-- Generated by org.testng.reporters.JUnitReportReporter -->
<testsuite skipped="0" hostname="ANDY" name="Test_Scripts.Test2_LoginPage_Bonify" tests="6" failures="0" timestamp="19 Nov 2018 18:13:20 GMT" time="31.547" errors="0">
  <testcase name="VerifyHeader_F_pwdpage" time="0.826" classname="Test_Scripts.Test2_LoginPage_Bonify"/>
  <testcase name="VerifyvalidationTexts_F_pwdpage" time="0.128" classname="Test_Scripts.Test2_LoginPage_Bonify"/>
  <testcase name="Verify_Impressum_LinkandTitle" time="9.709" classname="Test_Scripts.Test2_LoginPage_Bonify"/>
  <testcase name="Verify_AGB_LinkandTitle" time="9.591" classname="Test_Scripts.Test2_LoginPage_Bonify"/>
  <testcase name="Verify_Datenschutz_LinkandTitle" time="9.470" classname="Test_Scripts.Test2_LoginPage_Bonify"/>
  <testcase name="Verify_Login" time="1.823" classname="Test_Scripts.Test2_LoginPage_Bonify"/>
</testsuite> <!-- Test_Scripts.Test2_LoginPage_Bonify -->
